_XXXX_____
X___X_____
____X_____
X__X______
__________
__________
__________
__________
__________
__________
_XXXX_____
_XX_XX____
___XX_____
__________
__________
__________
__________
__________
__________
__________
_X__XX____
_X___X____
__XXXX____
__________
__________
__________
__________
__________
__________
__________
____XX____
_X____X___
__XXXX____
___XX_____
__________
__________
__________
__________
__________
__________
_____X____
__X___X___
__X__X____
__X__X____
__________
__________
__________
__________
__________
__________
__________
_____XX___
_XXX_XX___
__________
__________
__________
__________
__________
__________
__________
__________
__X_XXX___
__X_XXX___
__X_______
__________
__________
__________
__________
__________
__________
_____X____
____X_X___
_XX_X_X___
___X_X____
__________
__________
__________
__________
__________
__________
_____X____
___XX_X___
__X_X_X___
__XXXX____
__________
__________
__________
__________
__________
__________
____XX____
___XX_X___
__X___X___
__X_XX____
___XX_____
__________
__________
__________
__________
__________
___XXX____
___XX_X___
__X___X___
__X_XX____
___XXX____
__________
__________
__________
__________
__________
___X_X____
__X___X___
__X___X___
__X___X___
___X_X____
____X_____
__________
__________
__________
__________
__________
__XX_XX___
_XXX_XXX__
__XX_XX___
___XXX____
____X_____
__________
__________
__________
__________
__________
_X_X_X_X__
_X_____X__
_X_____X__
__X___X___
___XXX____
__________
__________
__________
__________
__________
__X___X___
XX_____XX_
_XX___XX__
__XXXXX___
___XXX____
____X_____
__________
__________
__________
__________
_X_____X__
X_______X_
X___X___X_
_X_____X__
__X___X___
___XXX____
__________
__________
__________
__________
__________
XX_____XX_
XX_____XX_
_X_____X__
__XXXXX___
___XXX____
____X_____
__________
__________
__________
__________
XX_____XX_
__X___X___
XX_XXX_XX_
__X___X___
__X___X___
___XXX____
__________
__________
__________
__________
_X_____X__
__XXXXX___
_X_XXX_X__
__X_X_X___
__X_X_X___
___XXX____
____X_____
__________
