_X________
__X_______
XXX_______
__________
__________
__________
__________
__________
__________
__________
__________
X_X_______
_XX_______
_X________
__________
__________
__________
__________
__________
__________
__________
__X_______
X_X_______
_XX_______
__________
__________
__________
__________
__________
__________
__________
_X________
__XX______
_XX_______
__________
__________
__________
__________
__________
__________
__________
__X_______
___X______
_XXX______
__________
__________
__________
__________
__________
__________
__________
__________
_X_X______
__XX______
__X_______
__________
__________
__________
__________
__________
__________
__________
___X______
_X_X______
__XX______
__________
__________
__________
__________
__________
__________
__________
__X_______
___XX_____
__XX______
__________
__________
__________
__________
__________
__________
__________
___X______
____X_____
__XXX_____
__________
__________
__________
__________
__________
__________
__________
__________
__X_X_____
___XX_____
___X______
__________
__________
__________
__________
__________
__________
__________
____X_____
__X_X_____
___XX_____
__________
__________
__________
__________
__________
__________
__________
___X______
____XX____
___XX_____
__________
__________
__________
__________
__________
__________
__________
____X_____
_____X____
___XXX____
__________
__________
__________
__________
__________
__________
__________
__________
___X_X____
____XX____
____X_____
__________
__________
__________
__________
__________
__________
__________
_____X____
___X_X____
____XX____
__________
__________
__________
__________
__________
__________
__________
____X_____
_____XX___
____XX____
__________
__________
__________
__________
__________
__________
__________
_____X____
______X___
____XXX___
__________
__________
__________
__________
__________
__________
__________
__________
____X_X___
_____XX___
_____X____
__________
__________
__________
__________
__________
__________
__________
______X___
____X_X___
_____XX___
__________
__________
__________
__________
__________
__________
__________
_____X____
______XX__
_____XX___
__________
__________
__________
__________
__________
__________
__________
______X___
_______X__
_____XXX__
__________
__________
__________
__________
__________
__________
__________
__________
__________
__________
________XX
________XX
__________
__________
__________
__________
__________
__________
__________
__________
________XX
________XX
