_________________
_________________
____XXX___XXX____
_________________
__X____X_X____X__
__X____X_X____X__
__X____X_X____X__
____XXX___XXX____
_________________
____XXX___XXX____
__X____X_X____X__
__X____X_X____X__
__X____X_X____X__
_________________
____XXX___XXX____
_________________
_________________
_________________
_____X_____X_____
_____X_____X_____
_____XX___XX_____
_________________
_XXX__XX_XX__XXX_
___X_X_X_X_X_X___
_____XX___XX_____
_________________
_____XX___XX_____
___X_X_X_X_X_X___
_XXX__XX_XX__XXX_
_________________
_____XX___XX_____
_____X_____X_____
_____X_____X_____
_________________
_________________
_________________
____XX_____XX____
_____XX___XX_____
__X__X_X_X_X__X__
__XXX_XX_XX_XXX__
___X_X_X_X_X_X___
____XXX___XXX____
_________________
____XXX___XXX____
___X_X_X_X_X_X___
__XXX_XX_XX_XXX__
__X__X_X_X_X__X__
_____XX___XX_____
____XX_____XX____
_________________
_________________
_________________
_________________
____XXX___XXX____
_________________
__X____X_X____X__
__X____X_X____X__
__X____X_X____X__
____XXX___XXX____
_________________
____XXX___XXX____
__X____X_X____X__
__X____X_X____X__
__X____X_X____X__
_________________
____XXX___XXX____
_________________
_________________
_________________
_____X_____X_____
_____X_____X_____
_____XX___XX_____
_________________
_XXX__XX_XX__XXX_
___X_X_X_X_X_X___
_____XX___XX_____
_________________
_____XX___XX_____
___X_X_X_X_X_X___
_XXX__XX_XX__XXX_
_________________
_____XX___XX_____
_____X_____X_____
_____X_____X_____
_________________
