__________
____X_____
_X_XX_____
X_X_______
__X_____X_
_____X_X__
_____X____
__________
X__X______
___XX_____
__________
___XX_____
_XXXX_____
__X_______
_X________
______X___
______X___
__________
___XX_____
___XX_____
__________
____X_____
_X__X_____
__________
__________
__________
__________
__________
___XX_____
___XX_____
__________
__________
__________
__________
__________
__________
__________
__________
___XX_____
___XX_____
__________
__________
__________
__________
__________
__________
__________
__________
___XX_____
___XX_____
__________
__________
__________
__________
__________
__________
__________
__________
___XX_____
___XX_____
__________
__________
__________
__________
__________
__________
__________
__________
___XX_____
___XX_____
__________
__________
__________
__________
__________
__________
__________
__________
___XX_____
___XX_____
__________
__________
__________
__________
__________
__________
__________
__________
___XX_____
___XX_____
__________
__________
__________
__________
__________
__________
__________
__________
___XX_____
___XX_____
__________
__________
__________
__________
__________
__________
__________
__________
___XX_____
___XX_____
__________
__________
__________
__________
__________
__________
__________
__________
___XX_____
___XX_____
__________
__________
__________
__________
__________
__________
__________
__________
___XX_____
___XX_____
__________
__________
__________
__________
__________
__________
__________
__________
___XX_____
___XX_____
__________
__________
__________
__________
__________
__________
__________
__________
___XX_____
___XX_____
__________
__________
__________
__________
__________
__________
__________
__________
___XX_____
___XX_____
