____________________
____________________
_XXXX_______________
X___X_______________
____X_______________
X__X________________
____________________
____________________
____________________
____________________
____________________
____________________
____________________
____________________
____________________
____________________
____________________
____________________
____________________
____________________
____________________
__XX________________
_XXXX_______________
_XX_XX______________
___XX_______________
____________________
____________________
____________________
____________________
____________________
____________________
____________________
____________________
____________________
____________________
____________________
____________________
____________________
____________________
____________________
____________________
_X__X_______________
_____X______________
_X___X______________
__XXXX______________
____________________
____________________
____________________
____________________
____________________
____________________
____________________
____________________
____________________
____________________
____________________
____________________
____________________
____________________
____________________
____________________
____________________
____XX______________
__XX_XX_____________
__XXXX______________
___XX_______________
____________________
____________________
____________________
____________________
____________________
____________________
____________________
____________________
____________________
____________________
____________________
____________________
____________________
____________________
____________________
____________________
___XXXX_____________
__X___X_____________
______X_____________
__X__X______________
____________________
____________________
____________________
____________________
____________________
____________________
____________________
____________________
____________________
____________________
____________________
____________________
____________________
____________________
____________________
____XX______________
___XXXX_____________
___XX_XX____________
_____XX_____________
____________________
____________________
____________________
____________________
____________________
____________________
____________________
____________________
____________________
____________________
____________________
____________________
____________________
____________________
____________________
____________________
___X__X_____________
_______X____________
___X___X____________
____XXXX____________
____________________
____________________
____________________
____________________
____________________
____________________
____________________
____________________
____________________
____________________
____________________
____________________
____________________
____________________
____________________
____________________
____________________
______XX____________
____XX_XX___________
____XXXX____________
_____XX_____________
____________________
____________________
____________________
____________________
____________________
____________________
____________________
____________________
____________________
____________________
____________________
____________________
____________________
____________________
____________________
____________________
_____XXXX___________
____X___X___________
________X___________
____X__X____________
____________________
____________________
____________________
____________________
____________________
____________________
____________________
____________________
____________________
____________________
____________________
____________________
____________________
____________________
____________________
______XX____________
_____XXXX___________
_____XX_XX__________
_______XX___________
____________________
____________________
____________________
____________________
____________________
____________________
____________________
____________________
____________________
____________________
____________________
____________________
____________________
____________________
____________________
____________________
_____X__X___________
_________X__________
_____X___X__________
______XXXX__________
____________________
____________________
____________________
____________________
____________________
____________________
____________________
____________________
____________________
____________________
____________________
____________________
____________________
____________________
____________________
____________________
____________________
________XX__________
______XX_XX_________
______XXXX__________
_______XX___________
____________________
____________________
____________________
____________________
____________________
____________________
____________________
____________________
____________________
____________________
____________________
____________________
____________________
____________________
____________________
____________________
_______XXXX_________
______X___X_________
__________X_________
______X__X__________
____________________
____________________
____________________
____________________
____________________
____________________
____________________
____________________
____________________
____________________
____________________
____________________
____________________
____________________
____________________
________XX__________
_______XXXX_________
_______XX_XX________
_________XX_________
____________________
____________________
____________________
____________________
____________________
____________________
____________________
____________________
____________________
____________________
____________________
____________________
____________________
____________________
____________________
____________________
_______X__X_________
___________X________
_______X___X________
________XXXX________
____________________
____________________
____________________
____________________
____________________
____________________
____________________
____________________
____________________
____________________
____________________
____________________
____________________
____________________
____________________
____________________
____________________
__________XX________
________XX_XX_______
________XXXX________
_________XX_________
____________________
____________________
____________________
____________________
____________________
____________________
____________________
____________________
____________________
____________________
____________________
____________________
____________________
____________________
____________________
____________________
_________XXXX_______
________X___X_______
____________X_______
________X__X________
____________________
____________________
____________________
____________________
____________________
____________________
____________________
____________________
____________________
____________________
____________________
____________________
____________________
____________________
____________________
__________XX________
_________XXXX_______
_________XX_XX______
___________XX_______
____________________
____________________
____________________
____________________
____________________
____________________
____________________
____________________
____________________
____________________
____________________
____________________
____________________
____________________
____________________
____________________
_________X__X_______
_____________X______
_________X___X______
__________XXXX______
____________________
____________________
____________________
____________________
____________________
____________________
____________________
____________________
____________________
____________________
____________________
____________________
____________________
____________________
____________________
